[12/Mar/2021 11:47:16] "GET / HTTP/1.1" 200 3346
[12/Mar/2021 11:48:17] "GET / HTTP/1.1" 200 3346
[12/Mar/2021 11:48:17] "GET /favicon.ico HTTP/1.1" 404 85
[12/Mar/2021 11:48:39] "POST /nyaruka/connect HTTP/1.1" 302 0
[12/Mar/2021 11:48:39] "GET /nyaruka/util HTTP/1.1" 200 15611
[12/Mar/2021 11:48:39] "GET /static/css/dataTables.bootstrap4.min.css HTTP/1.1" 304 0
[12/Mar/2021 11:48:39] "GET /static/css/chosen-sprite.png HTTP/1.1" 304 0
[12/Mar/2021 11:48:49] "GET /nyaruka/act HTTP/1.1" 200 14963
[12/Mar/2021 11:48:53] "GET /nyaruka/util HTTP/1.1" 200 15611
[12/Mar/2021 11:48:59] "POST /nyaruka/edtutil/2 HTTP/1.1" 200 7765
[12/Mar/2021 11:49:06] "POST /nyaruka/updutil/2 HTTP/1.1" 302 0
[12/Mar/2021 11:49:06] "GET /nyaruka/util HTTP/1.1" 200 15834
[12/Mar/2021 11:49:10] "POST /nyaruka/edtutil/3 HTTP/1.1" 200 7759
[12/Mar/2021 11:49:13] "POST /nyaruka/updutil/3 HTTP/1.1" 302 0
[12/Mar/2021 11:49:13] "GET /nyaruka/util HTTP/1.1" 200 15838
[12/Mar/2021 11:53:58] "GET /nyaruka/rpt/?id=%2B25779612730&text=Test+ubutumwa&charset=UTF-8&coding=0 HTTP/1.1" 200 37952
[12/Mar/2021 11:55:10] "GET /nyaruka/env HTTP/1.1" 200 7794
[12/Mar/2021 11:55:11] "GET /static/css/dataTables.bootstrap4.min.css HTTP/1.1" 304 0
[12/Mar/2021 11:55:23] "GET /nyaruka/affenv HTTP/1.1" 200 17591
[12/Mar/2021 11:55:30] "GET /nyaruka/rpt/ HTTP/1.1" 200 37974
[12/Mar/2021 11:58:43] "GET /nyaruka/col HTTP/1.1" 200 14332
[12/Mar/2021 11:58:43] "GET /static/css/dataTables.bootstrap4.min.css HTTP/1.1" 304 0
